Arguments: 
  /home/denver/.nvm/versions/node/v11.0.0/bin/node /usr/bin/yarn install

PATH: 
  /home/denver/.nvm/versions/node/v11.0.0/bin:/home/denver/Документы/reps/webpack-config/node_modules/.bin:/usr/local/bin:/usr/local/sbin:/usr/bin:/usr/lib/jvm/default/bin:/usr/bin/site_perl:/usr/bin/vendor_perl:/usr/bin/core_perl

Yarn version: 
  1.12.3

Node version: 
  11.0.0

Platform: 
  linux x64

Trace: 
  Error: https://registry.yarnpkg.com/@fortawesome%2ffontawesome-pro: Not found
      at Request.params.callback [as _callback] (/usr/lib/node_modules/yarn/lib/cli.js:65894:18)
      at Request.self.callback (/usr/lib/node_modules/yarn/lib/cli.js:129018:22)
      at Request.emit (events.js:182:13)
      at Request.<anonymous> (/usr/lib/node_modules/yarn/lib/cli.js:129990:10)
      at Request.emit (events.js:182:13)
      at IncomingMessage.<anonymous> (/usr/lib/node_modules/yarn/lib/cli.js:129912:12)
      at Object.onceWrapper (events.js:273:13)
      at IncomingMessage.emit (events.js:187:15)
      at endReadableNT (_stream_readable.js:1094:12)
      at process.internalTickCallback (internal/process/next_tick.js:72:19)

npm manifest: 
  {
    "name": "webpack-config",
    "description": "This is my Webpack 4 configuration for static projects.",
    "version": "1.3.0",
    "private": true,
    "author": {
      "name": "Nenad Novaković",
      "email": "n.dvlden@gmail.com",
      "url": "https://github.com/dvlden"
    },
    "license": "MIT",
    "scripts": {
      "serve": "webpack-dev-server --progress --hide-modules --mode development",
      "build": "webpack --progress --hide-modules --mode production"
    },
    "homepage": "https://github.com/dvlden/webpack-config#readme",
    "bugs": "https://github.com/dvlden/webpack-config/issues",
    "repository": {
      "type": "git",
      "url": "https://github.com/dvlden/webpack-config.git"
    },
    "keywords": [
      "webpack",
      "webpack 4",
      "configuration",
      "config"
    ],
    "browserslist": [
      "last 1 major version",
      "> 1%"
    ],
    "devDependencies": {
      "@babel/core": "^7.3.4",
      "@babel/preset-env": "^7.3.4",
      "autoprefixer": "^9.4.9",
      "babel-loader": "^8.0.5",
      "browser-sync": "^2.26.3",
      "browser-sync-webpack-plugin": "^2.2.2",
      "clean-webpack-plugin": "^1.0.1",
      "copy-webpack-plugin": "^5.0.0",
      "css-loader": "^2.1.0",
      "cssnano": "^4.1.10",
      "fibers": "^3.1.1",
      "file-loader": "^3.0.1",
      "html-loader": "^0.5.5",
      "html-webpack-plugin": "^3.2.0",
      "image-webpack-loader": "^4.6.0",
      "jsonminify": "^0.4.1",
      "mini-css-extract-plugin": "^0.5.0",
      "postcss-loader": "^3.0.0",
      "sass": "^1.17.2",
      "sass-loader": "^7.1.0",
      "webpack": "^4.29.5",
      "webpack-cli": "^3.2.3",
      "webpack-dev-server": "^3.2.1",
      "webpack-subresource-integrity": "^1.3.2",
      "webpackbar": "^3.1.5"
    },
    "dependencies": {
      "@fortawesome/fontawesome-pro": "^5.7.2",
      "bootstrap": "^4.3.1",
      "jquery": "^3.3.1",
      "popper.js": "^1.14.7"
    }
  }

yarn manifest: 
  No manifest

Lockfile: 
  No lockfile
